Using pre-set license
Built from '2020.3/staging' branch; Version is '2020.3.4f1 (0abb6314276a) revision 703331'; Using compiler version '192528614'; Build Type 'Release'
OS: 'Windows 10 Pro; OS build 19042.928; Version 2009; 64bit' Language: 'uk' Physical Memory: 16223 MB
BatchMode: 1, IsHumanControllingUs: 0, StartBugReporterOnCrash: 0, Is64bit: 1, IsPro: 0

 COMMAND LINE ARGUMENTS:
C:\Program Files\Unity\Hub\Editor\2020.3.4f1\Editor\Unity.exe
-adb2
-batchMode
-noUpm
-name
AssetImportWorker0
-projectPath
C:/Users/denys/work/code/unity/snake-game
-logFile
Logs/AssetImportWorker0.log
-srvPort
50809
Successfully changed project path to: C:/Users/denys/work/code/unity/snake-game
C:/Users/denys/work/code/unity/snake-game
Using Asset Import Pipeline V2.
Refreshing native plugins compatible for Editor in 35.05 ms, found 1 plugins.
Preloading 0 native plugins for Editor in 0.00 ms.
Initialize engine version: 2020.3.4f1 (0abb6314276a)
[Subsystems] Discovering subsystems at path C:/Program Files/Unity/Hub/Editor/2020.3.4f1/Editor/Data/Resources/UnitySubsystems
[Subsystems] Discovering subsystems at path C:/Users/denys/work/code/unity/snake-game/Assets
GfxDevice: creating device client; threaded=0
Direct3D:
    Version:  Direct3D 11.0 [level 11.1]
    Renderer: NVIDIA GeForce RTX 2060 (ID=0x1f11)
    Vendor:   
    VRAM:     5980 MB
    Driver:   27.21.14.5730
Initialize mono
Mono path[0] = 'C:/Program Files/Unity/Hub/Editor/2020.3.4f1/Editor/Data/Managed'
Mono path[1] = 'C:/Program Files/Unity/Hub/Editor/2020.3.4f1/Editor/Data/MonoBleedingEdge/lib/mono/unityjit'
Mono config path = 'C:/Program Files/Unity/Hub/Editor/2020.3.4f1/Editor/Data/MonoBleedingEdge/etc'
Using monoOptions --debugger-agent=transport=dt_socket,embedding=1,server=y,suspend=n,address=127.0.0.1:56472
Begin MonoManager ReloadAssembly
Registering precompiled unity dll's ...
Register platform support module: C:/Program Files/Unity/Hub/Editor/2020.3.4f1/Editor/Data/PlaybackEngines/WindowsStandaloneSupport/UnityEditor.WindowsStandalone.Extensions.dll
Registered in 0.001705 seconds.
Native extension for WindowsStandalone target not found
Refreshing native plugins compatible for Editor in 35.55 ms, found 1 plugins.
Preloading 0 native plugins for Editor in 0.00 ms.
Mono: successfully reloaded assembly
- Completed reload, in  1.065 seconds
Platform modules already initialized, skipping
Registering precompiled user dll's ...
Registered in 0.000940 seconds.
Begin MonoManager ReloadAssembly
Native extension for WindowsStandalone target not found
Refreshing native plugins compatible for Editor in 34.92 ms, found 1 plugins.
Preloading 0 native plugins for Editor in 0.00 ms.
Mono: successfully reloaded assembly
- Completed reload, in  0.928 seconds
Platform modules already initialized, skipping
========================================================================
Worker process is ready to serve import requests
Launched and connected shader compiler UnityShaderCompiler.exe after 0.04 seconds
Refreshing native plugins compatible for Editor in 0.34 ms, found 1 plugins.
Preloading 0 native plugins for Editor in 0.00 ms.
Unloading 1831 Unused Serialized files (Serialized files now loaded: 0)
System memory in use before: 85.5 MB.
System memory in use after: 85.4 MB.

Unloading 24 unused Assets to reduce memory usage. Loaded Objects now: 2274.
Total: 2.052700 ms (FindLiveObjects: 0.195900 ms CreateObjectMapping: 0.108000 ms MarkObjects: 1.635200 ms  DeleteObjects: 0.112600 ms)

========================================================================
Received Import Request.
  path: Assets/Textures/SnakeBody.png
  artifactKey: Guid(699ec0eb3513a9e4d9ec52b08a8544ba) Importer(815301076,1909f56bfc062723c751e8b465ee728b)
Start importing Assets/Textures/SnakeBody.png using Guid(699ec0eb3513a9e4d9ec52b08a8544ba) Importer(815301076,1909f56bfc062723c751e8b465ee728b)  -> (artifact id: 'b44e61ddc819d33222d5a2bc86da1beb') in 0.117508 seconds
  Import took 0.120334 seconds .

========================================================================
Received Import Request.
  Time since last request: 0.000385 seconds.
  path: Assets/Textures/FoodApple.png
  artifactKey: Guid(c3bd1ffb8de1fa441a845a659442868c) Importer(815301076,1909f56bfc062723c751e8b465ee728b)
Start importing Assets/Textures/FoodApple.png using Guid(c3bd1ffb8de1fa441a845a659442868c) Importer(815301076,1909f56bfc062723c751e8b465ee728b)  -> (artifact id: '9511ddedf9863c4299c6bd4a8f4bed79') in 0.012229 seconds
  Import took 0.014943 seconds .

========================================================================
Received Import Request.
  Time since last request: 0.000302 seconds.
  path: Assets/Textures/SnakeHead.png
  artifactKey: Guid(a6389c1368f3c0348a4a4d02194be695) Importer(815301076,1909f56bfc062723c751e8b465ee728b)
Start importing Assets/Textures/SnakeHead.png using Guid(a6389c1368f3c0348a4a4d02194be695) Importer(815301076,1909f56bfc062723c751e8b465ee728b)  -> (artifact id: 'bb05b93202043e78f866e79a9f8cf658') in 0.013522 seconds
  Import took 0.016915 seconds .

========================================================================
Received Import Request.
  Time since last request: 0.000248 seconds.
  path: Assets/Textures/White_1x1.png
  artifactKey: Guid(35a0f4e862accb547bf64fb92edc257c) Importer(815301076,1909f56bfc062723c751e8b465ee728b)
Start importing Assets/Textures/White_1x1.png using Guid(35a0f4e862accb547bf64fb92edc257c) Importer(815301076,1909f56bfc062723c751e8b465ee728b)  -> (artifact id: '6d23ffe96d3ffee27a99f810e16b1874') in 0.012262 seconds
  Import took 0.015696 seconds .

========================================================================
Received Import Request.
  Time since last request: 0.000340 seconds.
  path: Assets/Textures/SnakeHead.png
  artifactKey: Guid(a6389c1368f3c0348a4a4d02194be695) Importer(815301076,1909f56bfc062723c751e8b465ee728b)
Start importing Assets/Textures/SnakeHead.png using Guid(a6389c1368f3c0348a4a4d02194be695) Importer(815301076,1909f56bfc062723c751e8b465ee728b)  -> (artifact id: 'bb05b93202043e78f866e79a9f8cf658') in 0.014169 seconds
  Import took 0.017367 seconds .

========================================================================
Received Import Request.
  Time since last request: 5.190506 seconds.
  path: Assets/Scripts/GameHandler.cs
  artifactKey: Guid(e6bfd9ef70fbebd40ac3bfc190fae515) Importer(815301076,1909f56bfc062723c751e8b465ee728b)
Start importing Assets/Scripts/GameHandler.cs using Guid(e6bfd9ef70fbebd40ac3bfc190fae515) Importer(815301076,1909f56bfc062723c751e8b465ee728b)  -> (artifact id: '197a79fde3cf1b0710c8555fe7efa2af') in 0.016047 seconds
  Import took 0.018939 seconds .

========================================================================
Received Import Request.
  Time since last request: 0.013942 seconds.
  path: Assets/Scripts/GameHandler.cs
  artifactKey: Guid(e6bfd9ef70fbebd40ac3bfc190fae515) Importer(815301076,1909f56bfc062723c751e8b465ee728b)
Start importing Assets/Scripts/GameHandler.cs using Guid(e6bfd9ef70fbebd40ac3bfc190fae515) Importer(815301076,1909f56bfc062723c751e8b465ee728b)  -> (artifact id: '197a79fde3cf1b0710c8555fe7efa2af') in 0.002508 seconds
  Import took 0.005463 seconds .

========================================================================
Received Import Request.
  Time since last request: 104.678213 seconds.
  path: Assets/Scripts/ScoreWindow.cs
  artifactKey: Guid(e0e0985bbbd6802408da2f15b428b569) Importer(815301076,1909f56bfc062723c751e8b465ee728b)
Start importing Assets/Scripts/ScoreWindow.cs using Guid(e0e0985bbbd6802408da2f15b428b569) Importer(815301076,1909f56bfc062723c751e8b465ee728b)  -> (artifact id: 'c77304cf9bce7a43d187488676f3a148') in 0.007640 seconds
  Import took 0.019866 seconds .

========================================================================
Received Prepare
Registering precompiled user dll's ...
Registered in 0.000953 seconds.
Begin MonoManager ReloadAssembly
Native extension for WindowsStandalone target not found
Refreshing native plugins compatible for Editor in 0.33 ms, found 1 plugins.
Preloading 0 native plugins for Editor in 0.00 ms.
Mono: successfully reloaded assembly
- Completed reload, in  0.812 seconds
Platform modules already initialized, skipping
Refreshing native plugins compatible for Editor in 0.31 ms, found 1 plugins.
Preloading 0 native plugins for Editor in 0.00 ms.
Unloading 1826 Unused Serialized files (Serialized files now loaded: 0)
System memory in use before: 88.5 MB.
System memory in use after: 88.5 MB.

Unloading 12 unused Assets to reduce memory usage. Loaded Objects now: 2286.
Total: 1.985700 ms (FindLiveObjects: 0.179700 ms CreateObjectMapping: 0.073700 ms MarkObjects: 1.640200 ms  DeleteObjects: 0.091000 ms)

========================================================================
Received Prepare
Registering precompiled user dll's ...
Registered in 0.001183 seconds.
Begin MonoManager ReloadAssembly
Native extension for WindowsStandalone target not found
Refreshing native plugins compatible for Editor in 0.35 ms, found 1 plugins.
Preloading 0 native plugins for Editor in 0.00 ms.
Mono: successfully reloaded assembly
- Completed reload, in  1.034 seconds
Platform modules already initialized, skipping
Refreshing native plugins compatible for Editor in 0.66 ms, found 1 plugins.
Preloading 0 native plugins for Editor in 0.00 ms.
Unloading 1826 Unused Serialized files (Serialized files now loaded: 0)
System memory in use before: 88.5 MB.
System memory in use after: 88.5 MB.

Unloading 12 unused Assets to reduce memory usage. Loaded Objects now: 2290.
Total: 3.823000 ms (FindLiveObjects: 0.317800 ms CreateObjectMapping: 0.129400 ms MarkObjects: 3.200300 ms  DeleteObjects: 0.172900 ms)

========================================================================
Received Prepare
Registering precompiled user dll's ...
Registered in 0.000879 seconds.
Begin MonoManager ReloadAssembly
Native extension for WindowsStandalone target not found
Refreshing native plugins compatible for Editor in 0.31 ms, found 1 plugins.
Preloading 0 native plugins for Editor in 0.00 ms.
Mono: successfully reloaded assembly
- Completed reload, in  0.780 seconds
Platform modules already initialized, skipping
Refreshing native plugins compatible for Editor in 0.37 ms, found 1 plugins.
Preloading 0 native plugins for Editor in 0.00 ms.
Unloading 1826 Unused Serialized files (Serialized files now loaded: 0)
System memory in use before: 88.5 MB.
System memory in use after: 88.5 MB.

Unloading 12 unused Assets to reduce memory usage. Loaded Objects now: 2294.
Total: 1.956400 ms (FindLiveObjects: 0.210800 ms CreateObjectMapping: 0.079700 ms MarkObjects: 1.524500 ms  DeleteObjects: 0.140600 ms)

========================================================================
Received Import Request.
  Time since last request: 646.955978 seconds.
  path: Assets/Scenes/Loading.unity
  artifactKey: Guid(2e447e0ec7d8e5b4fb8a067ecb17e85a) Importer(815301076,1909f56bfc062723c751e8b465ee728b)
Start importing Assets/Scenes/Loading.unity using Guid(2e447e0ec7d8e5b4fb8a067ecb17e85a) Importer(815301076,1909f56bfc062723c751e8b465ee728b)  -> (artifact id: '0649868a221e39cc52aa33ab766266cb') in 0.017319 seconds
  Import took 0.020587 seconds .

========================================================================
Received Import Request.
  Time since last request: 18.122618 seconds.
  path: Assets/Scenes/GameSnake.unity
  artifactKey: Guid(2cda990e2423bbf4892e6590ba056729) Importer(815301076,1909f56bfc062723c751e8b465ee728b)
Start importing Assets/Scenes/GameSnake.unity using Guid(2cda990e2423bbf4892e6590ba056729) Importer(815301076,1909f56bfc062723c751e8b465ee728b)  -> (artifact id: 'adc20c72e7bc42e804eea1c34a0c9d0c') in 0.007176 seconds
  Import took 0.009996 seconds .

========================================================================
Received Prepare
Registering precompiled user dll's ...
Registered in 0.000967 seconds.
Begin MonoManager ReloadAssembly
Native extension for WindowsStandalone target not found
Refreshing native plugins compatible for Editor in 0.34 ms, found 1 plugins.
Preloading 0 native plugins for Editor in 0.00 ms.
Mono: successfully reloaded assembly
- Completed reload, in  0.845 seconds
Platform modules already initialized, skipping
Refreshing native plugins compatible for Editor in 0.32 ms, found 1 plugins.
Preloading 0 native plugins for Editor in 0.00 ms.
Unloading 1826 Unused Serialized files (Serialized files now loaded: 0)
System memory in use before: 88.6 MB.
System memory in use after: 88.6 MB.

Unloading 12 unused Assets to reduce memory usage. Loaded Objects now: 2298.
Total: 2.265900 ms (FindLiveObjects: 0.215400 ms CreateObjectMapping: 0.077500 ms MarkObjects: 1.846700 ms  DeleteObjects: 0.125500 ms)

========================================================================
Received Prepare
Registering precompiled user dll's ...
Registered in 0.000930 seconds.
Begin MonoManager ReloadAssembly
Native extension for WindowsStandalone target not found
Refreshing native plugins compatible for Editor in 0.51 ms, found 1 plugins.
Preloading 0 native plugins for Editor in 0.00 ms.
Mono: successfully reloaded assembly
- Completed reload, in  0.845 seconds
Platform modules already initialized, skipping
Refreshing native plugins compatible for Editor in 0.35 ms, found 1 plugins.
Preloading 0 native plugins for Editor in 0.00 ms.
Unloading 1826 Unused Serialized files (Serialized files now loaded: 0)
System memory in use before: 88.6 MB.
System memory in use after: 88.6 MB.

Unloading 12 unused Assets to reduce memory usage. Loaded Objects now: 2302.
Total: 2.308500 ms (FindLiveObjects: 0.206900 ms CreateObjectMapping: 0.092200 ms MarkObjects: 1.909200 ms  DeleteObjects: 0.099100 ms)

========================================================================
Received Prepare
Registering precompiled user dll's ...
Registered in 0.000861 seconds.
Begin MonoManager ReloadAssembly
Native extension for WindowsStandalone target not found
Refreshing native plugins compatible for Editor in 0.34 ms, found 1 plugins.
Preloading 0 native plugins for Editor in 0.00 ms.
Mono: successfully reloaded assembly
- Completed reload, in  0.812 seconds
Platform modules already initialized, skipping
Refreshing native plugins compatible for Editor in 0.37 ms, found 1 plugins.
Preloading 0 native plugins for Editor in 0.00 ms.
Unloading 1826 Unused Serialized files (Serialized files now loaded: 0)
System memory in use before: 88.6 MB.
System memory in use after: 88.6 MB.

Unloading 12 unused Assets to reduce memory usage. Loaded Objects now: 2306.
Total: 2.091800 ms (FindLiveObjects: 0.192900 ms CreateObjectMapping: 0.091900 ms MarkObjects: 1.709600 ms  DeleteObjects: 0.096300 ms)

========================================================================
Received Import Request.
  Time since last request: 213.291197 seconds.
  path: Assets
  artifactKey: Guid(00000000000000001000000000000000) Importer(815301076,1909f56bfc062723c751e8b465ee728b)
Start importing Assets using Guid(00000000000000001000000000000000) Importer(815301076,1909f56bfc062723c751e8b465ee728b)  -> (artifact id: '025e4f587c23674256bb898581e82961') in 0.014710 seconds
  Import took 0.017960 seconds .

========================================================================
Received Import Request.
  Time since last request: 11.828484 seconds.
  path: Assets/Additional
  artifactKey: Guid(4b2f39a0ca0846f4d92270654e936861) Importer(815301076,1909f56bfc062723c751e8b465ee728b)
Start importing Assets/Additional using Guid(4b2f39a0ca0846f4d92270654e936861) Importer(815301076,1909f56bfc062723c751e8b465ee728b)  -> (artifact id: '737ce2b00752f08fb4c52304c020eb59') in 0.006888 seconds
  Import took 0.009616 seconds .

========================================================================
Received Import Request.
  Time since last request: 6.282139 seconds.
  path: Assets/Additional/UI.prefab
  artifactKey: Guid(d06239d9039a85e458e13d5f57cbd2d9) Importer(815301076,1909f56bfc062723c751e8b465ee728b)
Start importing Assets/Additional/UI.prefab using Guid(d06239d9039a85e458e13d5f57cbd2d9) Importer(815301076,1909f56bfc062723c751e8b465ee728b)  -> (artifact id: '39f1edffd732e9a0f0d8a21aca75dea2') in 0.042515 seconds
  Import took 0.045403 seconds .

========================================================================
Received Import Request.
  Time since last request: 3.415408 seconds.
  path: Assets/Additional/EventSystem.prefab
  artifactKey: Guid(dfa6f86ac32acf74c8c7cd898b238bb1) Importer(815301076,1909f56bfc062723c751e8b465ee728b)
Start importing Assets/Additional/EventSystem.prefab using Guid(dfa6f86ac32acf74c8c7cd898b238bb1) Importer(815301076,1909f56bfc062723c751e8b465ee728b)  -> (artifact id: '335731fae46eb290b02f9df75517f3f3') in 0.010695 seconds
  Import took 0.014049 seconds .

========================================================================
Received Prepare
Registering precompiled user dll's ...
Registered in 0.000874 seconds.
Begin MonoManager ReloadAssembly
Native extension for WindowsStandalone target not found
Refreshing native plugins compatible for Editor in 0.34 ms, found 1 plugins.
Preloading 0 native plugins for Editor in 0.00 ms.
Mono: successfully reloaded assembly
- Completed reload, in  0.808 seconds
Platform modules already initialized, skipping
Refreshing native plugins compatible for Editor in 0.32 ms, found 1 plugins.
Preloading 0 native plugins for Editor in 0.00 ms.
Unloading 1826 Unused Serialized files (Serialized files now loaded: 0)
System memory in use before: 88.7 MB.
System memory in use after: 88.7 MB.

Unloading 12 unused Assets to reduce memory usage. Loaded Objects now: 2312.
Total: 5.414400 ms (FindLiveObjects: 0.403600 ms CreateObjectMapping: 0.236400 ms MarkObjects: 4.568300 ms  DeleteObjects: 0.203300 ms)

========================================================================
Received Prepare
Registering precompiled user dll's ...
Registered in 0.000935 seconds.
Begin MonoManager ReloadAssembly
Native extension for WindowsStandalone target not found
Refreshing native plugins compatible for Editor in 0.32 ms, found 1 plugins.
Preloading 0 native plugins for Editor in 0.00 ms.
Mono: successfully reloaded assembly
- Completed reload, in  0.929 seconds
Platform modules already initialized, skipping
Refreshing native plugins compatible for Editor in 0.42 ms, found 1 plugins.
Preloading 0 native plugins for Editor in 0.00 ms.
Unloading 1826 Unused Serialized files (Serialized files now loaded: 0)
System memory in use before: 88.7 MB.
System memory in use after: 88.7 MB.

Unloading 12 unused Assets to reduce memory usage. Loaded Objects now: 2316.
Total: 2.098500 ms (FindLiveObjects: 0.178500 ms CreateObjectMapping: 0.080400 ms MarkObjects: 1.745400 ms  DeleteObjects: 0.093400 ms)

========================================================================
Received Prepare
Registering precompiled user dll's ...
Registered in 0.000944 seconds.
Begin MonoManager ReloadAssembly
Native extension for WindowsStandalone target not found
Refreshing native plugins compatible for Editor in 0.32 ms, found 1 plugins.
Preloading 0 native plugins for Editor in 0.00 ms.
Mono: successfully reloaded assembly
- Completed reload, in  0.802 seconds
Platform modules already initialized, skipping
Refreshing native plugins compatible for Editor in 0.35 ms, found 1 plugins.
Preloading 0 native plugins for Editor in 0.00 ms.
Unloading 1826 Unused Serialized files (Serialized files now loaded: 0)
System memory in use before: 88.7 MB.
System memory in use after: 88.7 MB.

Unloading 12 unused Assets to reduce memory usage. Loaded Objects now: 2320.
Total: 6.908900 ms (FindLiveObjects: 0.496400 ms CreateObjectMapping: 0.322100 ms MarkObjects: 5.821600 ms  DeleteObjects: 0.265900 ms)

========================================================================
Received Prepare
Registering precompiled user dll's ...
Registered in 0.000896 seconds.
Begin MonoManager ReloadAssembly
Native extension for WindowsStandalone target not found
Refreshing native plugins compatible for Editor in 0.34 ms, found 1 plugins.
Preloading 0 native plugins for Editor in 0.00 ms.
Mono: successfully reloaded assembly
- Completed reload, in  0.812 seconds
Platform modules already initialized, skipping
Refreshing native plugins compatible for Editor in 0.34 ms, found 1 plugins.
Preloading 0 native plugins for Editor in 0.00 ms.
Unloading 1826 Unused Serialized files (Serialized files now loaded: 0)
System memory in use before: 88.7 MB.
System memory in use after: 88.7 MB.

Unloading 12 unused Assets to reduce memory usage. Loaded Objects now: 2324.
Total: 2.125400 ms (FindLiveObjects: 0.200100 ms CreateObjectMapping: 0.089500 ms MarkObjects: 1.727900 ms  DeleteObjects: 0.106600 ms)

========================================================================
Received Prepare
Registering precompiled user dll's ...
Registered in 0.000912 seconds.
Begin MonoManager ReloadAssembly
Native extension for WindowsStandalone target not found
Refreshing native plugins compatible for Editor in 0.31 ms, found 1 plugins.
Preloading 0 native plugins for Editor in 0.00 ms.
Mono: successfully reloaded assembly
- Completed reload, in  0.824 seconds
Platform modules already initialized, skipping
Refreshing native plugins compatible for Editor in 0.32 ms, found 1 plugins.
Preloading 0 native plugins for Editor in 0.00 ms.
Unloading 1826 Unused Serialized files (Serialized files now loaded: 0)
System memory in use before: 88.7 MB.
System memory in use after: 88.7 MB.

Unloading 12 unused Assets to reduce memory usage. Loaded Objects now: 2328.
Total: 2.303700 ms (FindLiveObjects: 0.187800 ms CreateObjectMapping: 0.093400 ms MarkObjects: 1.923900 ms  DeleteObjects: 0.097900 ms)

========================================================================
Received Prepare
Registering precompiled user dll's ...
Registered in 0.000844 seconds.
Begin MonoManager ReloadAssembly
Native extension for WindowsStandalone target not found
Refreshing native plugins compatible for Editor in 0.32 ms, found 1 plugins.
Preloading 0 native plugins for Editor in 0.00 ms.
Mono: successfully reloaded assembly
- Completed reload, in  0.812 seconds
Platform modules already initialized, skipping
Refreshing native plugins compatible for Editor in 0.34 ms, found 1 plugins.
Preloading 0 native plugins for Editor in 0.00 ms.
Unloading 1826 Unused Serialized files (Serialized files now loaded: 0)
System memory in use before: 88.7 MB.
System memory in use after: 88.7 MB.

Unloading 12 unused Assets to reduce memory usage. Loaded Objects now: 2332.
Total: 2.261600 ms (FindLiveObjects: 0.170800 ms CreateObjectMapping: 0.070600 ms MarkObjects: 1.923900 ms  DeleteObjects: 0.095300 ms)

========================================================================
Received Prepare
Registering precompiled user dll's ...
Registered in 0.000923 seconds.
Begin MonoManager ReloadAssembly
Native extension for WindowsStandalone target not found
Refreshing native plugins compatible for Editor in 0.32 ms, found 1 plugins.
Preloading 0 native plugins for Editor in 0.00 ms.
Mono: successfully reloaded assembly
- Completed reload, in  0.817 seconds
Platform modules already initialized, skipping
Refreshing native plugins compatible for Editor in 0.35 ms, found 1 plugins.
Preloading 0 native plugins for Editor in 0.00 ms.
Unloading 1826 Unused Serialized files (Serialized files now loaded: 0)
System memory in use before: 88.8 MB.
System memory in use after: 88.7 MB.

Unloading 12 unused Assets to reduce memory usage. Loaded Objects now: 2336.
Total: 2.090600 ms (FindLiveObjects: 0.179100 ms CreateObjectMapping: 0.086400 ms MarkObjects: 1.726100 ms  DeleteObjects: 0.098000 ms)

========================================================================
Received Prepare
Registering precompiled user dll's ...
Registered in 0.001283 seconds.
Begin MonoManager ReloadAssembly
Native extension for WindowsStandalone target not found
Refreshing native plugins compatible for Editor in 0.32 ms, found 1 plugins.
Preloading 0 native plugins for Editor in 0.00 ms.
Mono: successfully reloaded assembly
- Completed reload, in  0.785 seconds
Platform modules already initialized, skipping
Refreshing native plugins compatible for Editor in 0.31 ms, found 1 plugins.
Preloading 0 native plugins for Editor in 0.00 ms.
Unloading 1826 Unused Serialized files (Serialized files now loaded: 0)
System memory in use before: 88.8 MB.
System memory in use after: 88.7 MB.

Unloading 12 unused Assets to reduce memory usage. Loaded Objects now: 2340.
Total: 1.991900 ms (FindLiveObjects: 0.181300 ms CreateObjectMapping: 0.079000 ms MarkObjects: 1.631400 ms  DeleteObjects: 0.099400 ms)

========================================================================
Received Prepare
Registering precompiled user dll's ...
Registered in 0.001040 seconds.
Begin MonoManager ReloadAssembly
Native extension for WindowsStandalone target not found
Refreshing native plugins compatible for Editor in 0.34 ms, found 1 plugins.
Preloading 0 native plugins for Editor in 0.00 ms.
Mono: successfully reloaded assembly
- Completed reload, in  0.815 seconds
Platform modules already initialized, skipping
Refreshing native plugins compatible for Editor in 0.32 ms, found 1 plugins.
Preloading 0 native plugins for Editor in 0.00 ms.
Unloading 1826 Unused Serialized files (Serialized files now loaded: 0)
System memory in use before: 88.8 MB.
System memory in use after: 88.7 MB.

Unloading 12 unused Assets to reduce memory usage. Loaded Objects now: 2344.
Total: 2.016700 ms (FindLiveObjects: 0.211700 ms CreateObjectMapping: 0.108200 ms MarkObjects: 1.591600 ms  DeleteObjects: 0.104000 ms)

========================================================================
Received Prepare
Registering precompiled user dll's ...
Registered in 0.000857 seconds.
Begin MonoManager ReloadAssembly
Native extension for WindowsStandalone target not found
Refreshing native plugins compatible for Editor in 0.34 ms, found 1 plugins.
Preloading 0 native plugins for Editor in 0.00 ms.
Mono: successfully reloaded assembly
- Completed reload, in  0.803 seconds
Platform modules already initialized, skipping
Refreshing native plugins compatible for Editor in 0.33 ms, found 1 plugins.
Preloading 0 native plugins for Editor in 0.00 ms.
Unloading 1826 Unused Serialized files (Serialized files now loaded: 0)
System memory in use before: 88.8 MB.
System memory in use after: 88.8 MB.

Unloading 12 unused Assets to reduce memory usage. Loaded Objects now: 2348.
Total: 2.530600 ms (FindLiveObjects: 0.302600 ms CreateObjectMapping: 0.115100 ms MarkObjects: 1.967900 ms  DeleteObjects: 0.143800 ms)

========================================================================
Received Import Request.
  Time since last request: 689.658000 seconds.
  path: Assets/Scripts/Snake.cs
  artifactKey: Guid(bd4f2be98c4b7fc48a29b21a3062dce6) Importer(815301076,1909f56bfc062723c751e8b465ee728b)
Start importing Assets/Scripts/Snake.cs using Guid(bd4f2be98c4b7fc48a29b21a3062dce6) Importer(815301076,1909f56bfc062723c751e8b465ee728b)  -> (artifact id: 'c53841cc675620f805c32fe57e8f16cb') in 0.010080 seconds
  Import took 0.012791 seconds .

========================================================================
Received Import Request.
  Time since last request: 0.024121 seconds.
  path: Assets/Scripts/Snake.cs
  artifactKey: Guid(bd4f2be98c4b7fc48a29b21a3062dce6) Importer(815301076,1909f56bfc062723c751e8b465ee728b)
Start importing Assets/Scripts/Snake.cs using Guid(bd4f2be98c4b7fc48a29b21a3062dce6) Importer(815301076,1909f56bfc062723c751e8b465ee728b)  -> (artifact id: 'c53841cc675620f805c32fe57e8f16cb') in 0.002945 seconds
  Import took 0.006477 seconds .

========================================================================
Received Prepare
Registering precompiled user dll's ...
Registered in 0.001000 seconds.
Begin MonoManager ReloadAssembly
Native extension for WindowsStandalone target not found
Refreshing native plugins compatible for Editor in 0.33 ms, found 1 plugins.
Preloading 0 native plugins for Editor in 0.00 ms.
Mono: successfully reloaded assembly
- Completed reload, in  0.790 seconds
Platform modules already initialized, skipping
Refreshing native plugins compatible for Editor in 0.34 ms, found 1 plugins.
Preloading 0 native plugins for Editor in 0.00 ms.
Unloading 1826 Unused Serialized files (Serialized files now loaded: 0)
System memory in use before: 88.8 MB.
System memory in use after: 88.8 MB.

Unloading 12 unused Assets to reduce memory usage. Loaded Objects now: 2352.
Total: 2.352400 ms (FindLiveObjects: 0.196600 ms CreateObjectMapping: 0.084600 ms MarkObjects: 1.964800 ms  DeleteObjects: 0.105300 ms)

========================================================================
Received Prepare
Registering precompiled user dll's ...
Registered in 0.001404 seconds.
Begin MonoManager ReloadAssembly
Native extension for WindowsStandalone target not found
Refreshing native plugins compatible for Editor in 0.32 ms, found 1 plugins.
Preloading 0 native plugins for Editor in 0.00 ms.
Mono: successfully reloaded assembly
- Completed reload, in  0.798 seconds
Platform modules already initialized, skipping
Refreshing native plugins compatible for Editor in 0.31 ms, found 1 plugins.
Preloading 0 native plugins for Editor in 0.00 ms.
Unloading 1826 Unused Serialized files (Serialized files now loaded: 0)
System memory in use before: 88.8 MB.
System memory in use after: 88.8 MB.

Unloading 12 unused Assets to reduce memory usage. Loaded Objects now: 2356.
Total: 7.651000 ms (FindLiveObjects: 0.504800 ms CreateObjectMapping: 0.328900 ms MarkObjects: 6.483800 ms  DeleteObjects: 0.329900 ms)

========================================================================
Received Prepare
Registering precompiled user dll's ...
Registered in 0.000902 seconds.
Begin MonoManager ReloadAssembly
Native extension for WindowsStandalone target not found
Refreshing native plugins compatible for Editor in 0.32 ms, found 1 plugins.
Preloading 0 native plugins for Editor in 0.00 ms.
Mono: successfully reloaded assembly
- Completed reload, in  0.812 seconds
Platform modules already initialized, skipping
Refreshing native plugins compatible for Editor in 0.37 ms, found 1 plugins.
Preloading 0 native plugins for Editor in 0.00 ms.
Unloading 1826 Unused Serialized files (Serialized files now loaded: 0)
System memory in use before: 88.8 MB.
System memory in use after: 88.8 MB.

Unloading 12 unused Assets to reduce memory usage. Loaded Objects now: 2360.
Total: 2.260200 ms (FindLiveObjects: 0.291600 ms CreateObjectMapping: 0.122900 ms MarkObjects: 1.695700 ms  DeleteObjects: 0.149000 ms)

========================================================================
Received Prepare
Registering precompiled user dll's ...
Registered in 0.000982 seconds.
Begin MonoManager ReloadAssembly
Native extension for WindowsStandalone target not found
Refreshing native plugins compatible for Editor in 0.56 ms, found 1 plugins.
Preloading 0 native plugins for Editor in 0.00 ms.
Mono: successfully reloaded assembly
- Completed reload, in  0.823 seconds
Platform modules already initialized, skipping
Refreshing native plugins compatible for Editor in 0.32 ms, found 1 plugins.
Preloading 0 native plugins for Editor in 0.00 ms.
Unloading 1826 Unused Serialized files (Serialized files now loaded: 0)
System memory in use before: 88.8 MB.
System memory in use after: 88.8 MB.

Unloading 12 unused Assets to reduce memory usage. Loaded Objects now: 2364.
Total: 2.279000 ms (FindLiveObjects: 0.218400 ms CreateObjectMapping: 0.100100 ms MarkObjects: 1.859300 ms  DeleteObjects: 0.100200 ms)

========================================================================
Received Prepare
Registering precompiled user dll's ...
Registered in 0.000898 seconds.
Begin MonoManager ReloadAssembly
Native extension for WindowsStandalone target not found
Refreshing native plugins compatible for Editor in 0.31 ms, found 1 plugins.
Preloading 0 native plugins for Editor in 0.00 ms.
Mono: successfully reloaded assembly
- Completed reload, in  0.806 seconds
Platform modules already initialized, skipping
Refreshing native plugins compatible for Editor in 0.33 ms, found 1 plugins.
Preloading 0 native plugins for Editor in 0.00 ms.
Unloading 1826 Unused Serialized files (Serialized files now loaded: 0)
System memory in use before: 88.8 MB.
System memory in use after: 88.8 MB.

Unloading 12 unused Assets to reduce memory usage. Loaded Objects now: 2368.
Total: 2.151100 ms (FindLiveObjects: 0.202700 ms CreateObjectMapping: 0.087400 ms MarkObjects: 1.763300 ms  DeleteObjects: 0.096700 ms)

========================================================================
Received Import Request.
  Time since last request: 323.275587 seconds.
  path: Assets/Scripts/GameOverWindow.cs
  artifactKey: Guid(6c50eea72a55c774c98534345fd98c36) Importer(815301076,1909f56bfc062723c751e8b465ee728b)
Start importing Assets/Scripts/GameOverWindow.cs using Guid(6c50eea72a55c774c98534345fd98c36) Importer(815301076,1909f56bfc062723c751e8b465ee728b)  -> (artifact id: 'fb48f4e8f37b3b761c15bffbef798ad1') in 0.010333 seconds
  Import took 0.013183 seconds .

========================================================================
Received Prepare
Registering precompiled user dll's ...
Registered in 0.001136 seconds.
Begin MonoManager ReloadAssembly
Native extension for WindowsStandalone target not found
Refreshing native plugins compatible for Editor in 0.32 ms, found 1 plugins.
Preloading 0 native plugins for Editor in 0.00 ms.
Mono: successfully reloaded assembly
- Completed reload, in  0.837 seconds
Platform modules already initialized, skipping
Refreshing native plugins compatible for Editor in 0.36 ms, found 1 plugins.
Preloading 0 native plugins for Editor in 0.00 ms.
Unloading 1826 Unused Serialized files (Serialized files now loaded: 0)
System memory in use before: 88.8 MB.
System memory in use after: 88.8 MB.

Unloading 12 unused Assets to reduce memory usage. Loaded Objects now: 2372.
Total: 2.250700 ms (FindLiveObjects: 0.178600 ms CreateObjectMapping: 0.074800 ms MarkObjects: 1.891400 ms  DeleteObjects: 0.104700 ms)

========================================================================
Received Import Request.
  Time since last request: 72.333335 seconds.
  path: Assets/Scripts/LevelGrid.cs
  artifactKey: Guid(06682851c6574ae438564c64ab797c07) Importer(815301076,1909f56bfc062723c751e8b465ee728b)
Start importing Assets/Scripts/LevelGrid.cs using Guid(06682851c6574ae438564c64ab797c07) Importer(815301076,1909f56bfc062723c751e8b465ee728b)  -> (artifact id: '90127530568ef4cb7e3d25af3d89b55b') in 0.010039 seconds
  Import took 0.014062 seconds .

========================================================================
Received Import Request.
  Time since last request: 0.018861 seconds.
  path: Assets/Scripts/LevelGrid.cs
  artifactKey: Guid(06682851c6574ae438564c64ab797c07) Importer(815301076,1909f56bfc062723c751e8b465ee728b)
Start importing Assets/Scripts/LevelGrid.cs using Guid(06682851c6574ae438564c64ab797c07) Importer(815301076,1909f56bfc062723c751e8b465ee728b)  -> (artifact id: '90127530568ef4cb7e3d25af3d89b55b') in 0.002243 seconds
  Import took 0.005240 seconds .

========================================================================
Received Import Request.
  Time since last request: 21.348237 seconds.
  path: Assets/Scripts/LevelGrid.cs
  artifactKey: Guid(06682851c6574ae438564c64ab797c07) Importer(815301076,1909f56bfc062723c751e8b465ee728b)
Start importing Assets/Scripts/LevelGrid.cs using Guid(06682851c6574ae438564c64ab797c07) Importer(815301076,1909f56bfc062723c751e8b465ee728b)  -> (artifact id: '519c009bf252d79d7bc52d99f0fcc763') in 0.003142 seconds
  Import took 0.007429 seconds .

========================================================================
Received Prepare
Registering precompiled user dll's ...
Registered in 0.001124 seconds.
Begin MonoManager ReloadAssembly
Native extension for WindowsStandalone target not found
Refreshing native plugins compatible for Editor in 0.32 ms, found 1 plugins.
Preloading 0 native plugins for Editor in 0.00 ms.
Mono: successfully reloaded assembly
- Completed reload, in  0.795 seconds
Platform modules already initialized, skipping
Refreshing native plugins compatible for Editor in 0.32 ms, found 1 plugins.
Preloading 0 native plugins for Editor in 0.00 ms.
Unloading 1826 Unused Serialized files (Serialized files now loaded: 0)
System memory in use before: 88.8 MB.
System memory in use after: 88.8 MB.

Unloading 12 unused Assets to reduce memory usage. Loaded Objects now: 2376.
Total: 2.049000 ms (FindLiveObjects: 0.199500 ms CreateObjectMapping: 0.087800 ms MarkObjects: 1.656200 ms  DeleteObjects: 0.104500 ms)

========================================================================
Received Prepare
Registering precompiled user dll's ...
Registered in 0.000894 seconds.
Begin MonoManager ReloadAssembly
Native extension for WindowsStandalone target not found
Refreshing native plugins compatible for Editor in 0.33 ms, found 1 plugins.
Preloading 0 native plugins for Editor in 0.00 ms.
Mono: successfully reloaded assembly
- Completed reload, in  0.829 seconds
Platform modules already initialized, skipping
Refreshing native plugins compatible for Editor in 0.32 ms, found 1 plugins.
Preloading 0 native plugins for Editor in 0.00 ms.
Unloading 1826 Unused Serialized files (Serialized files now loaded: 0)
System memory in use before: 88.8 MB.
System memory in use after: 88.8 MB.

Unloading 12 unused Assets to reduce memory usage. Loaded Objects now: 2380.
Total: 2.085200 ms (FindLiveObjects: 0.179300 ms CreateObjectMapping: 0.078600 ms MarkObjects: 1.718200 ms  DeleteObjects: 0.108100 ms)

========================================================================
Received Prepare
Registering precompiled user dll's ...
Registered in 0.000972 seconds.
Begin MonoManager ReloadAssembly
Native extension for WindowsStandalone target not found
Refreshing native plugins compatible for Editor in 0.32 ms, found 1 plugins.
Preloading 0 native plugins for Editor in 0.00 ms.
Mono: successfully reloaded assembly
- Completed reload, in  0.846 seconds
Platform modules already initialized, skipping
Refreshing native plugins compatible for Editor in 0.33 ms, found 1 plugins.
Preloading 0 native plugins for Editor in 0.00 ms.
Unloading 1826 Unused Serialized files (Serialized files now loaded: 0)
System memory in use before: 88.9 MB.
System memory in use after: 88.8 MB.

Unloading 12 unused Assets to reduce memory usage. Loaded Objects now: 2384.
Total: 2.210900 ms (FindLiveObjects: 0.199100 ms CreateObjectMapping: 0.085200 ms MarkObjects: 1.823600 ms  DeleteObjects: 0.101900 ms)

========================================================================
Received Prepare
Registering precompiled user dll's ...
Registered in 0.000874 seconds.
Begin MonoManager ReloadAssembly
Native extension for WindowsStandalone target not found
Refreshing native plugins compatible for Editor in 0.33 ms, found 1 plugins.
Preloading 0 native plugins for Editor in 0.00 ms.
Mono: successfully reloaded assembly
- Completed reload, in  0.810 seconds
Platform modules already initialized, skipping
Refreshing native plugins compatible for Editor in 0.32 ms, found 1 plugins.
Preloading 0 native plugins for Editor in 0.00 ms.
Unloading 1826 Unused Serialized files (Serialized files now loaded: 0)
System memory in use before: 88.9 MB.
System memory in use after: 88.8 MB.

Unloading 12 unused Assets to reduce memory usage. Loaded Objects now: 2388.
Total: 2.243900 ms (FindLiveObjects: 0.230400 ms CreateObjectMapping: 0.109000 ms MarkObjects: 1.797100 ms  DeleteObjects: 0.106300 ms)

========================================================================
Received Import Request.
  Time since last request: 2159.304063 seconds.
  path: ProjectSettings/TagManager.asset
  artifactKey: Guid(00000000000000003000000000000000) Importer(815301076,1909f56bfc062723c751e8b465ee728b)
Start importing ProjectSettings/TagManager.asset using Guid(00000000000000003000000000000000) Importer(815301076,1909f56bfc062723c751e8b465ee728b)  -> (artifact id: 'a185bbb3fb93071dc4faeb66d0a4d5df') in 0.020288 seconds
  Import took 0.024672 seconds .

========================================================================
Received Import Request.
  Time since last request: 0.001538 seconds.
  path: ProjectSettings/TagManager.asset
  artifactKey: Guid(00000000000000003000000000000000) Importer(815301076,1909f56bfc062723c751e8b465ee728b)
Start importing ProjectSettings/TagManager.asset using Guid(00000000000000003000000000000000) Importer(815301076,1909f56bfc062723c751e8b465ee728b)  -> (artifact id: 'a185bbb3fb93071dc4faeb66d0a4d5df') in 0.003109 seconds
  Import took 0.006975 seconds .

========================================================================
Received Prepare
Registering precompiled user dll's ...
Registered in 0.000884 seconds.
Begin MonoManager ReloadAssembly
Native extension for WindowsStandalone target not found
Refreshing native plugins compatible for Editor in 0.32 ms, found 1 plugins.
Preloading 0 native plugins for Editor in 0.00 ms.
Mono: successfully reloaded assembly
- Completed reload, in  0.791 seconds
Platform modules already initialized, skipping
Refreshing native plugins compatible for Editor in 0.31 ms, found 1 plugins.
Preloading 0 native plugins for Editor in 0.00 ms.
Unloading 1826 Unused Serialized files (Serialized files now loaded: 0)
System memory in use before: 88.9 MB.
System memory in use after: 88.9 MB.

Unloading 14 unused Assets to reduce memory usage. Loaded Objects now: 2392.
Total: 2.492000 ms (FindLiveObjects: 0.252000 ms CreateObjectMapping: 0.100000 ms MarkObjects: 2.015500 ms  DeleteObjects: 0.123200 ms)

========================================================================
Received Prepare
Registering precompiled user dll's ...
Registered in 0.000896 seconds.
Begin MonoManager ReloadAssembly
Native extension for WindowsStandalone target not found
Refreshing native plugins compatible for Editor in 0.32 ms, found 1 plugins.
Preloading 0 native plugins for Editor in 0.00 ms.
Mono: successfully reloaded assembly
- Completed reload, in  0.839 seconds
Platform modules already initialized, skipping
Refreshing native plugins compatible for Editor in 0.36 ms, found 1 plugins.
Preloading 0 native plugins for Editor in 0.00 ms.
Unloading 1826 Unused Serialized files (Serialized files now loaded: 0)
System memory in use before: 88.9 MB.
System memory in use after: 88.9 MB.

Unloading 12 unused Assets to reduce memory usage. Loaded Objects now: 2396.
Total: 2.341400 ms (FindLiveObjects: 0.234100 ms CreateObjectMapping: 0.188100 ms MarkObjects: 1.800300 ms  DeleteObjects: 0.117600 ms)

========================================================================
Received Prepare
Registering precompiled user dll's ...
Registered in 0.000863 seconds.
Begin MonoManager ReloadAssembly
Native extension for WindowsStandalone target not found
Refreshing native plugins compatible for Editor in 0.33 ms, found 1 plugins.
Preloading 0 native plugins for Editor in 0.00 ms.
Mono: successfully reloaded assembly
- Completed reload, in  0.817 seconds
Platform modules already initialized, skipping
Refreshing native plugins compatible for Editor in 0.35 ms, found 1 plugins.
Preloading 0 native plugins for Editor in 0.00 ms.
Unloading 1826 Unused Serialized files (Serialized files now loaded: 0)
System memory in use before: 88.9 MB.
System memory in use after: 88.9 MB.

Unloading 12 unused Assets to reduce memory usage. Loaded Objects now: 2400.
Total: 5.497400 ms (FindLiveObjects: 0.745400 ms CreateObjectMapping: 0.293600 ms MarkObjects: 4.319300 ms  DeleteObjects: 0.136700 ms)

========================================================================
Received Prepare
Registering precompiled user dll's ...
Registered in 0.000996 seconds.
Begin MonoManager ReloadAssembly
Native extension for WindowsStandalone target not found
Refreshing native plugins compatible for Editor in 0.34 ms, found 1 plugins.
Preloading 0 native plugins for Editor in 0.00 ms.
Mono: successfully reloaded assembly
- Completed reload, in  0.824 seconds
Platform modules already initialized, skipping
Refreshing native plugins compatible for Editor in 0.32 ms, found 1 plugins.
Preloading 0 native plugins for Editor in 0.00 ms.
Unloading 1826 Unused Serialized files (Serialized files now loaded: 0)
System memory in use before: 88.9 MB.
System memory in use after: 88.9 MB.

Unloading 12 unused Assets to reduce memory usage. Loaded Objects now: 2404.
Total: 5.455900 ms (FindLiveObjects: 0.434300 ms CreateObjectMapping: 0.234000 ms MarkObjects: 4.536400 ms  DeleteObjects: 0.248900 ms)

========================================================================
Received Prepare
Registering precompiled user dll's ...
Registered in 0.000825 seconds.
Begin MonoManager ReloadAssembly
Native extension for WindowsStandalone target not found
Refreshing native plugins compatible for Editor in 0.36 ms, found 1 plugins.
Preloading 0 native plugins for Editor in 0.00 ms.
Mono: successfully reloaded assembly
- Completed reload, in  0.834 seconds
Platform modules already initialized, skipping
Refreshing native plugins compatible for Editor in 0.36 ms, found 1 plugins.
Preloading 0 native plugins for Editor in 0.00 ms.
Unloading 1826 Unused Serialized files (Serialized files now loaded: 0)
System memory in use before: 88.9 MB.
System memory in use after: 88.9 MB.

Unloading 12 unused Assets to reduce memory usage. Loaded Objects now: 2408.
Total: 2.106300 ms (FindLiveObjects: 0.182900 ms CreateObjectMapping: 0.074700 ms MarkObjects: 1.753800 ms  DeleteObjects: 0.093800 ms)

AssetImportWorkerClient::OnTransportError - code=2 error=End of file
